   SW   perc perc perc  query                 position in query        matching     repeat           position in repeat
score   div. del. ins.  sequence              begin  end      (left)   repeat       class/family   begin  end    (left)  ID

  246    2.9  2.9  0.0  2L:21400080-21560000    1142   1175 (158746) + PROTOP_A     DNA/P             508    542  (563)   1  
  257   25.2  8.7  0.0  2L:21400080-21560000    1335   1449 (158472) + DOC2_DM      LINE/I-Jockey     758    882 (3911)   2  
 5837    3.9  4.1  2.8  2L:21400080-21560000    1464   2319 (157602) + PROTOP_A     DNA/P               3    869  (236)   3  
 1649   15.1  3.5  0.8  2L:21400080-21560000    2321   2668 (157253) + FW2_DM       LINE/I-Jockey    1191   1547 (2414)   4 *
 1889    3.3 15.1  0.0  2L:21400080-21560000    2668   2992 (156929) C G5_DM        LINE/I-Jockey    (93)   4763   4390   5  
 3724    0.0  0.0  0.7  2L:21400080-21560000    3012   3442 (156479) + ROO_LTR      LTR/Pao             1    428    (0)   6  
   16   16.1  0.0  0.0  2L:21400080-21560000    3665   3692 (156229) + (T)n         Simple_repeat       1     28    (0)   7  
   12    8.0  3.2  6.7  2L:21400080-21560000    3787   3817 (156104) + (TTAT)n      Simple_repeat       1     30    (0)   8  
  342    4.3  0.0  0.0  2L:21400080-21560000    3828   3873 (156048) C His2B        Histone           (5)    590    545   9  
  361    4.2  0.0  0.0  2L:21400080-21560000    3880   3927 (155994) C His2B        Histone         (545)     50      3   9  
 2943    3.6  0.6  0.0  2L:21400080-21560000    4052   4416 (155505) + His2A        Histone             1    367  (126)  10  
  316    6.5  0.0  0.0  2L:21400080-21560000    4664   4709 (155212) C His2B        Histone         (547)     48      3  11  
 2943    3.6  0.6  0.0  2L:21400080-21560000    4834   5198 (154723) + His2A        Histone             1    367  (126)  12  
  434    9.2  0.0  0.0  2L:21400080-21560000    5530   5594 (154327) + DNAREP1_DM   RC/Helitron         3     67  (527)  13 *
 3173    0.0  0.0  0.0  2L:21400080-21560000    5590   5952 (153969) + His3         Histone           167    529    (0)  14  
 4763    1.0  0.3  1.9  2L:21400080-21560000    6157   6759 (153162) C IDEFIX_LTR   LTR/Gypsy         (0)    594      1  15  
14982    1.8  3.4  0.2  2L:21400080-21560000    6760   8735 (151186) C IDEFIX_I     LTR/Gypsy         (0)   5628   3590  15 *
25850    1.5  2.8  0.1  2L:21400080-21560000    8731  13070 (146851) C BS           LINE/I-Jockey     (1)   5125    669  16  
 1548    3.9  0.0  0.0  2L:21400080-21560000   13065  13271 (146650) + I_DM         LINE/I           1701   1907 (3467)  17 *
 1592    8.6  3.9  1.1  2L:21400080-21560000   13272  13530 (146391) C Invader2_LTR LTR/Gypsy         (0)    266      1  18  
 5744    4.3  1.0  0.0  2L:21400080-21560000   13531  14302 (145619) + I_DM         LINE/I           1904   2683 (2691)  17 *
12217    4.0  0.0  0.5  2L:21400080-21560000   14302  15920 (144001) + I_DM         LINE/I           3187   4797  (577)  17  
 1342    3.6  0.5  2.5  2L:21400080-21560000   15906  16106 (143815) + I_DM         LINE/I           5166   5362   (12)  17 *
   16    0.0  3.7  3.7  2L:21400080-21560000   16303  16329 (143592) + (TTTA)n      Simple_repeat       1     27    (0)  19  
   12    7.5  6.7  3.2  2L:21400080-21560000   16449  16478 (143443) + (TAT)n       Simple_repeat       1     31    (0)  20  
 8845    0.4  0.0  0.0  2L:21400080-21560000   16874  17896 (142025) + His1         Histone             1   1023    (0)  21  
 5199    0.2  0.0  0.0  2L:21400080-21560000   18033  18627 (141294) C His2B        Histone           (0)    595      1  22  
 1005    3.2  0.0  0.0  2L:21400080-21560000   18756  18881 (141040) + His2A        Histone             1    126  (367)  23 *
 1880    0.0  0.0  0.0  2L:21400080-21560000   18875  19088 (140833) + His2A        Histone           280    493    (0)  23  
 4559    0.6  0.0  0.0  2L:21400080-21560000   19497  20024 (139897) C His4         Histone           (0)    528      1  24  
 4631    0.0  0.0  0.0  2L:21400080-21560000   20050  20578 (139343) + His3         Histone             1    529    (0)  25  
   18   18.6  2.7  0.0  2L:21400080-21560000   20795  20831 (139090) + (AT)n        Simple_repeat       1     38    (0)  26  
   14    7.3  6.9  0.0  2L:21400080-21560000   20976  21004 (138917) + (ATAAA)n     Simple_repeat       1     31    (0)  27  
   16    0.0  3.7  3.7  2L:21400080-21560000   21204  21230 (138691) + (TTTA)n      Simple_repeat       1     27    (0)  28  
   12    7.5  6.7  3.2  2L:21400080-21560000   21350  21379 (138542) + (TAT)n       Simple_repeat       1     31    (0)  29  
 8910    0.0  0.0  0.0  2L:21400080-21560000   21776  22798 (137123) + His1         Histone             1   1023    (0)  30  
 5185    0.3  0.0  0.0  2L:21400080-21560000   22935  23529 (136392) C His2B        Histone           (0)    595      1  31  
 4316    0.2  0.0  0.0  2L:21400080-21560000   23658  24150 (135771) + His2A        Histone             1    493    (0)  32  
 4220    0.6  4.3  0.0  2L:21400080-21560000   24559  25037 (134884) C His4         Histone           (0)    528     28  33  
   29    0.0  0.0  0.0  2L:21400080-21560000   25038  25062 (134859) + (TC)n        Simple_repeat       1     25    (0)  34  
 4220    0.6  4.3  0.0  2L:21400080-21560000   25063  25088 (134833) C His4         Histone         (501)     27      2  33  
 4631    0.0  0.0  0.0  2L:21400080-21560000   25114  25642 (134279) + His3         Histone             1    529    (0)  35  
   18   18.6  2.7  0.0  2L:21400080-21560000   25856  25892 (134029) + (AT)n        Simple_repeat       1     38    (0)  36  
   14    7.3  6.9  0.0  2L:21400080-21560000   26037  26065 (133856) + (ATAAA)n     Simple_repeat       1     31    (0)  37  
   16    0.0  3.7  3.7  2L:21400080-21560000   26265  26291 (133630) + (TTTA)n      Simple_repeat       1     27    (0)  38  
   12    7.5  6.7  3.2  2L:21400080-21560000   26411  26440 (133481) + (TAT)n       Simple_repeat       1     31    (0)  39  
 8853    0.4  0.0  0.0  2L:21400080-21560000   26837  27859 (132062) + His1         Histone             1   1023    (0)  40  
 5210    0.0  0.0  0.0  2L:21400080-21560000   27996  28590 (131331) C His2B        Histone           (0)    595      1  41  
 4111    2.0  0.2  0.0  2L:21400080-21560000   28719  29210 (130711) + His2A        Histone             1    493    (0)  42  
 3471    6.5  4.5  0.2  2L:21400080-21560000   29621  30099 (129822) C His4         Histone           (0)    528     28  43  
   29    0.0  0.0  0.0  2L:21400080-21560000   30100  30124 (129797) + (TC)n        Simple_repeat       1     25    (0)  44  
 3471    6.5  4.5  0.2  2L:21400080-21560000   30125  30150 (129771) C His4         Histone         (501)     27      2  43  
 4631    0.0  0.0  0.0  2L:21400080-21560000   30176  30704 (129217) + His3         Histone             1    529    (0)  45  
   14    7.3  6.9  0.0  2L:21400080-21560000   31084  31112 (128809) + (ATAAA)n     Simple_repeat       1     31    (0)  46  
   16    0.0  3.7  3.7  2L:21400080-21560000   31312  31338 (128583) + (TTTA)n      Simple_repeat       1     27    (0)  47  
   12    7.5  6.7  3.2  2L:21400080-21560000   31458  31487 (128434) + (TAT)n       Simple_repeat       1     31    (0)  48  
 8843    0.4  0.0  0.0  2L:21400080-21560000   31884  32906 (127015) + His1         Histone             1   1023    (0)  49  
 5210    0.0  0.0  0.0  2L:21400080-21560000   33043  33637 (126284) C His2B        Histone           (0)    595      1  50  
 4336    0.0  0.0  0.0  2L:21400080-21560000   33766  34258 (125663) + His2A        Histone             1    493    (0)  51  
 4527    0.4  0.4  0.0  2L:21400080-21560000   34669  35194 (124727) C His4         Histone           (0)    528      1  52  
 4631    0.0  0.0  0.0  2L:21400080-21560000   35220  35748 (124173) + His3         Histone             1    529    (0)  53  
   14    7.3  6.9  0.0  2L:21400080-21560000   36132  36160 (123761) + (ATAAA)n     Simple_repeat       1     31    (0)  54  
   16    0.0  3.7  3.7  2L:21400080-21560000   36360  36386 (123535) + (TTTA)n      Simple_repeat       1     27    (0)  55  
   12    7.5  6.7  3.2  2L:21400080-21560000   36506  36535 (123386) + (TAT)n       Simple_repeat       1     31    (0)  56  
 8823    0.4  0.0  0.0  2L:21400080-21560000   36932  37954 (121967) + His1         Histone             1   1023    (0)  57  
 5199    0.2  0.0  0.0  2L:21400080-21560000   38091  38685 (121236) C His2B        Histone           (0)    595      1  58  
 1005    3.2  0.0  0.0  2L:21400080-21560000   38814  38939 (120982) + His2A        Histone             1    126  (367)  59 *
 1880    0.0  0.0  0.0  2L:21400080-21560000   38933  39146 (120775) + His2A        Histone           280    493    (0)  59  
 4559    0.6  0.0  0.0  2L:21400080-21560000   39555  40082 (119839) C His4         Histone           (0)    528      1  60  
 4631    0.0  0.0  0.0  2L:21400080-21560000   40108  40636 (119285) + His3         Histone             1    529    (0)  61  
   18   18.6  2.7  0.0  2L:21400080-21560000   40853  40889 (119032) + (AT)n        Simple_repeat       1     38    (0)  62  
 3766    0.0  0.0  0.0  2L:21400080-21560000   41017  41444 (118477) + ROO_LTR      LTR/Pao             1    428    (0)  63  
62988    0.6 14.3  3.4  2L:21400080-21560000   41445  42107 (117814) + ROO_I        LTR/Pao             1    725 (7531)  63  
   45   12.9  0.0  0.0  2L:21400080-21560000   42108  42193 (117728) + (CAG)n       Simple_repeat       1     86    (0)  64  
62988    1.3  0.0  0.0  2L:21400080-21560000   42194  49723 (110198) + ROO_I        LTR/Pao           726   8255    (1)  63  
 3766    0.0  0.0  0.0  2L:21400080-21560000   49724  50151 (109770) + ROO_LTR      LTR/Pao             1    428    (0)  63  
   14    7.3  6.9  0.0  2L:21400080-21560000   50173  50201 (109720) + (ATAAA)n     Simple_repeat       1     31    (0)  65  
   16    0.0  3.7  3.7  2L:21400080-21560000   50401  50427 (109494) + (TTTA)n      Simple_repeat       1     27    (0)  66  
   12    7.5  6.7  3.2  2L:21400080-21560000   50547  50576 (109345) + (TAT)n       Simple_repeat       1     31    (0)  67  
 8910    0.0  0.0  0.0  2L:21400080-21560000   50973  51995 (107926) + His1         Histone             1   1023    (0)  68  
 5199    0.2  0.0  0.0  2L:21400080-21560000   52132  52726 (107195) C His2B        Histone           (0)    595      1  69  
 4316    0.2  0.0  0.0  2L:21400080-21560000   52855  53347 (106574) + His2A        Histone             1    493    (0)  70  
 4559    0.6  0.0  0.0  2L:21400080-21560000   53756  54283 (105638) C His4         Histone           (0)    528      1  71  
 4631    0.0  0.0  0.0  2L:21400080-21560000   54309  54837 (105084) + His3         Histone             1    529    (0)  72  
   18   18.6  2.7  0.0  2L:21400080-21560000   55054  55090 (104831) + (AT)n        Simple_repeat       1     38    (0)  73  
   14    7.3  6.9  0.0  2L:21400080-21560000   55235  55263 (104658) + (ATAAA)n     Simple_repeat       1     31    (0)  74  
   16    0.0  3.7  3.7  2L:21400080-21560000   55463  55489 (104432) + (TTTA)n      Simple_repeat       1     27    (0)  75  
   12    7.5  6.7  3.2  2L:21400080-21560000   55609  55638 (104283) + (TAT)n       Simple_repeat       1     31    (0)  76  
 8844    0.3  0.0  0.0  2L:21400080-21560000   56034  57056 (102865) + His1         Histone             1   1023    (0)  77  
 5210    0.0  0.0  0.0  2L:21400080-21560000   57193  57787 (102134) C His2B        Histone           (0)    595      1  78  
 4316    0.2  0.0  0.0  2L:21400080-21560000   57916  58408 (101513) + His2A        Histone             1    493    (0)  79  
 4468    0.8  0.8  0.0  2L:21400080-21560000   58819  59342 (100579) C His4         Histone           (0)    528      1  80  
 4620    0.2  0.0  0.0  2L:21400080-21560000   59368  59896 (100025) + His3         Histone             1    529    (0)  81  
   18   18.6  2.7  0.0  2L:21400080-21560000   60113  60149  (99772) + (AT)n        Simple_repeat       1     38    (0)  82  
   14    7.3  6.9  0.0  2L:21400080-21560000   60295  60323  (99598) + (ATAAA)n     Simple_repeat       1     31    (0)  83  
   16    0.0  3.7  3.7  2L:21400080-21560000   60523  60549  (99372) + (TTTA)n      Simple_repeat       1     27    (0)  84  
   12    7.5  6.7  3.2  2L:21400080-21560000   60669  60698  (99223) + (TAT)n       Simple_repeat       1     31    (0)  85  
 8823    0.4  0.0  0.0  2L:21400080-21560000   61094  62116  (97805) + His1         Histone             1   1023    (0)  86  
 5199    0.2  0.0  0.0  2L:21400080-21560000   62253  62847  (97074) C His2B        Histone           (0)    595      1  87  
 4316    0.2  0.0  0.0  2L:21400080-21560000   62976  63468  (96453) + His2A        Histone             1    493    (0)  88  
 4468    0.8  0.8  0.0  2L:21400080-21560000   63879  64402  (95519) C His4         Histone           (0)    528      1  89  
 4620    0.2  0.0  0.0  2L:21400080-21560000   64428  64956  (94965) + His3         Histone             1    529    (0)  90  
   14    7.3  6.9  0.0  2L:21400080-21560000   65336  65364  (94557) + (ATAAA)n     Simple_repeat       1     31    (0)  91  
   16    0.0  3.7  3.7  2L:21400080-21560000   65564  65590  (94331) + (TTTA)n      Simple_repeat       1     27    (0)  92  
   12    7.5  6.7  3.2  2L:21400080-21560000   65710  65739  (94182) + (TAT)n       Simple_repeat       1     31    (0)  93  
 8806    0.5  0.0  0.0  2L:21400080-21560000   66137  67159  (92762) + His1         Histone             1   1023    (0)  94  
 5199    0.2  0.0  0.0  2L:21400080-21560000   67296  67890  (92031) C His2B        Histone           (0)    595      1  95  
 4316    0.2  0.0  0.0  2L:21400080-21560000   68019  68511  (91410) + His2A        Histone             1    493    (0)  96  
 4468    0.8  0.8  0.0  2L:21400080-21560000   68922  69445  (90476) C His4         Histone           (0)    528      1  97  
 4620    0.2  0.0  0.0  2L:21400080-21560000   69471  69999  (89922) + His3         Histone             1    529    (0)  98  
   14    7.3  6.9  0.0  2L:21400080-21560000   70379  70407  (89514) + (ATAAA)n     Simple_repeat       1     31    (0)  99  
   16    0.0  3.7  3.7  2L:21400080-21560000   70607  70633  (89288) + (TTTA)n      Simple_repeat       1     27    (0) 100  
   12    7.5  6.7  3.2  2L:21400080-21560000   70753  70782  (89139) + (TAT)n       Simple_repeat       1     31    (0) 101  
 8806    0.5  0.0  0.0  2L:21400080-21560000   71180  72202  (87719) + His1         Histone             1   1023    (0) 102  
 5199    0.2  0.0  0.0  2L:21400080-21560000   72339  72933  (86988) C His2B        Histone           (0)    595      1 103  
 4316    0.2  0.0  0.0  2L:21400080-21560000   73062  73554  (86367) + His2A        Histone             1    493    (0) 104  
 4468    0.8  0.8  0.0  2L:21400080-21560000   73965  74488  (85433) C His4         Histone           (0)    528      1 105  
 4620    0.2  0.0  0.0  2L:21400080-21560000   74514  75042  (84879) + His3         Histone             1    529    (0) 106  
   14    7.3  6.9  0.0  2L:21400080-21560000   75422  75450  (84471) + (ATAAA)n     Simple_repeat       1     31    (0) 107  
   16    0.0  3.7  3.7  2L:21400080-21560000   75650  75676  (84245) + (TTTA)n      Simple_repeat       1     27    (0) 108  
   12    7.5  6.7  3.2  2L:21400080-21560000   75796  75825  (84096) + (TAT)n       Simple_repeat       1     31    (0) 109  
 8806    0.5  0.0  0.0  2L:21400080-21560000   76223  77245  (82676) + His1         Histone             1   1023    (0) 110  
 5199    0.2  0.0  0.0  2L:21400080-21560000   77382  77976  (81945) C His2B        Histone           (0)    595      1 111  
 4316    0.2  0.0  0.0  2L:21400080-21560000   78105  78597  (81324) + His2A        Histone             1    493    (0) 112  
 4468    0.8  0.8  0.0  2L:21400080-21560000   79008  79531  (80390) C His4         Histone           (0)    528      1 113  
 4620    0.2  0.0  0.0  2L:21400080-21560000   79557  80085  (79836) + His3         Histone             1    529    (0) 114  
   14    7.3  6.9  0.0  2L:21400080-21560000   80465  80493  (79428) + (ATAAA)n     Simple_repeat       1     31    (0) 115  
   16    0.0  3.7  3.7  2L:21400080-21560000   80693  80719  (79202) + (TTTA)n      Simple_repeat       1     27    (0) 116  
   12    7.5  6.7  3.2  2L:21400080-21560000   80839  80868  (79053) + (TAT)n       Simple_repeat       1     31    (0) 117  
 8806    0.5  0.0  0.0  2L:21400080-21560000   81266  82288  (77633) + His1         Histone             1   1023    (0) 118  
 5199    0.2  0.0  0.0  2L:21400080-21560000   82425  83019  (76902) C His2B        Histone           (0)    595      1 119  
 4336    0.0  0.0  0.0  2L:21400080-21560000   83148  83640  (76281) + His2A        Histone             1    493    (0) 120  
 4527    0.4  0.4  0.0  2L:21400080-21560000   84051  84576  (75345) C His4         Histone           (0)    528      1 121  
 4631    0.0  0.0  0.0  2L:21400080-21560000   84602  85130  (74791) + His3         Histone             1    529    (0) 122
   14    7.3  6.9  0.0  2L:21400080-21560000   85617  85645  (74276) + (ATAAA)n     Simple_repeat       1     31    (0) 123  
   16    0.0  3.7  3.7  2L:21400080-21560000   85845  85871  (74050) + (TTTA)n      Simple_repeat       1     27    (0) 124  
   12    7.5  6.7  3.2  2L:21400080-21560000   85991  86020  (73901) + (TAT)n       Simple_repeat       1     31    (0) 125  
 8777    0.7  0.0  0.0  2L:21400080-21560000   86417  87439  (72482) + His1         Histone             1   1023    (0) 126  
 5210    0.0  0.0  0.0  2L:21400080-21560000   87576  88170  (71751) C His2B        Histone           (0)    595      1 127  
 4336    0.0  0.0  0.0  2L:21400080-21560000   88299  88791  (71130) + His2A        Histone             1    493    (0) 128  
 4558    0.0  0.4  0.0  2L:21400080-21560000   89200  89725  (70196) C His4         Histone           (0)    528      1 129  
 4631    0.0  0.0  0.0  2L:21400080-21560000   89751  90279  (69642) + His3         Histone             1    529    (0) 130  
   14    7.3  6.9  0.0  2L:21400080-21560000   90661  90689  (69232) + (ATAAA)n     Simple_repeat       1     31    (0) 131  
   16    0.0  3.7  3.7  2L:21400080-21560000   90889  90915  (69006) + (TTTA)n      Simple_repeat       1     27    (0) 132  
   12    7.5  6.7  3.2  2L:21400080-21560000   91035  91064  (68857) + (TAT)n       Simple_repeat       1     31    (0) 133  
 8880    0.2  0.0  0.0  2L:21400080-21560000   91462  92484  (67437) + His1         Histone             1   1023    (0) 134  
 5210    0.0  0.0  0.0  2L:21400080-21560000   92621  93215  (66706) C His2B        Histone           (0)    595      1 135  
 4336    0.0  0.0  0.0  2L:21400080-21560000   93344  93836  (66085) + His2A        Histone             1    493    (0) 136  
 4558    0.0  0.4  0.0  2L:21400080-21560000   94245  94770  (65151) C His4         Histone           (0)    528      1 137  
 4631    0.0  0.0  0.0  2L:21400080-21560000   94796  95324  (64597) + His3         Histone             1    529    (0) 138  
   14    7.3  6.9  0.0  2L:21400080-21560000   95706  95734  (64187) + (ATAAA)n     Simple_repeat       1     31    (0) 139  
   16    0.0  3.7  3.7  2L:21400080-21560000   95934  95960  (63961) + (TTTA)n      Simple_repeat       1     27    (0) 140  
   12    7.5  6.7  3.2  2L:21400080-21560000   96080  96109  (63812) + (TAT)n       Simple_repeat       1     31    (0) 141  
 8880    0.2  0.0  0.0  2L:21400080-21560000   96507  97529  (62392) + His1         Histone             1   1023    (0) 142  
 5210    0.0  0.0  0.0  2L:21400080-21560000   97666  98260  (61661) C His2B        Histone           (0)    595      1 143  
 4336    0.0  0.0  0.0  2L:21400080-21560000   98389  98881  (61040) + His2A        Histone             1    493    (0) 144  
 4527    0.4  0.4  0.0  2L:21400080-21560000   99290  99815  (60106) C His4         Histone           (0)    528      1 145  
 4631    0.0  0.0  0.0  2L:21400080-21560000   99841 100369  (59552) + His3         Histone             1    529    (0) 146  
   14    7.3  6.9  0.0  2L:21400080-21560000  100753 100781  (59140) + (ATAAA)n     Simple_repeat       1     31    (0) 147  
   16    0.0  3.7  3.7  2L:21400080-21560000  100981 101007  (58914) + (TTTA)n      Simple_repeat       1     27    (0) 148  
   12    7.5  6.7  3.2  2L:21400080-21560000  101127 101156  (58765) + (TAT)n       Simple_repeat       1     31    (0) 149  
 8880    0.2  0.0  0.0  2L:21400080-21560000  101554 102576  (57345) + His1         Histone             1   1023    (0) 150  
 5189    0.2  0.0  0.0  2L:21400080-21560000  102719 103313  (56608) C His2B        Histone           (0)    595      1 151  
 4336    0.0  0.0  0.0  2L:21400080-21560000  103442 103934  (55987) + His2A        Histone             1    493    (0) 152  
 4535    0.2  0.4  0.0  2L:21400080-21560000  104343 104868  (55053) C His4         Histone           (0)    528      1 153  
 4631    0.0  0.0  0.0  2L:21400080-21560000  104894 105422  (54499) + His3         Histone             1    529    (0) 154  
   14    7.3  6.9  0.0  2L:21400080-21560000  105804 105832  (54089) + (ATAAA)n     Simple_repeat       1     31    (0) 155  
   16    0.0  3.7  3.7  2L:21400080-21560000  106032 106058  (53863) + (TTTA)n      Simple_repeat       1     27    (0) 156  
   12    7.5  6.7  3.2  2L:21400080-21560000  106178 106207  (53714) + (TAT)n       Simple_repeat       1     31    (0) 157  
 9463    0.2  0.0  0.0  2L:21400080-21560000  106605 107627  (52294) + His1         Histone             1   1023    (0) 158  
 5554    0.0  0.0  0.0  2L:21400080-21560000  107764 108358  (51563) C His2B        Histone           (0)    595      1 159  
 4609    0.0  0.0  0.0  2L:21400080-21560000  108487 108979  (50942) + His2A        Histone             1    493    (0) 160  
 4825    0.2  0.4  0.0  2L:21400080-21560000  109388 109913  (50008) C His4         Histone           (0)    528      1 161  
 4913    0.0  0.0  0.0  2L:21400080-21560000  109939 110467  (49454) + His3         Histone             1    529    (0) 162  
   14    7.3  6.9  0.0  2L:21400080-21560000  110849 110877  (49044) + (ATAAA)n     Simple_repeat       1     31    (0) 163  
   16    0.0  3.7  3.7  2L:21400080-21560000  111077 111103  (48818) + (TTTA)n      Simple_repeat       1     27    (0) 164  
   12    7.5  6.7  3.2  2L:21400080-21560000  111223 111252  (48669) + (TAT)n       Simple_repeat       1     31    (0) 165  
 9463    0.2  0.0  0.0  2L:21400080-21560000  111649 112671  (47250) + His1         Histone             1   1023    (0) 166  
 5554    0.0  0.0  0.0  2L:21400080-21560000  112808 113402  (46519) C His2B        Histone           (0)    595      1 167  
 4609    0.0  0.0  0.0  2L:21400080-21560000  113531 114023  (45898) + His2A        Histone             1    493    (0) 168  
 4825    0.2  0.4  0.0  2L:21400080-21560000  114432 114957  (44964) C His4         Histone           (0)    528      1 169  
 4913    0.0  0.0  0.0  2L:21400080-21560000  114983 115511  (44410) + His3         Histone             1    529    (0) 170  
   14    7.3  6.9  0.0  2L:21400080-21560000  115893 115921  (44000) + (ATAAA)n     Simple_repeat       1     31    (0) 171  
   16    0.0  3.7  3.7  2L:21400080-21560000  116121 116147  (43774) + (TTTA)n      Simple_repeat       1     27    (0) 172  
   12    7.5  6.7  3.2  2L:21400080-21560000  116267 116296  (43625) + (TAT)n       Simple_repeat       1     31    (0) 173  
 9441    0.3  0.0  0.0  2L:21400080-21560000  116694 117716  (42205) + His1         Histone             1   1023    (0) 174  
 5540    0.2  0.0  0.0  2L:21400080-21560000  117853 118447  (41474) C His2B        Histone           (0)    595      1 175  
 4590    0.2  0.0  0.0  2L:21400080-21560000  118576 119068  (40853) + His2A        Histone             1    493    (0) 176  
 4522    0.0  4.8  0.0  2L:21400080-21560000  119477 119953  (39968) C His4         Histone           (0)    528     28 177  
   29    0.0  0.0  0.0  2L:21400080-21560000  119954 119978  (39943) + (TC)n        Simple_repeat       1     25    (0) 178  
 4522    0.0  4.8  0.0  2L:21400080-21560000  119979 120004  (39917) C His4         Histone         (501)     27      2 177  
 4913    0.0  0.0  0.0  2L:21400080-21560000  120030 120558  (39363) + His3         Histone             1    529    (0) 179  
   21   15.5  8.5  1.6  2L:21400080-21560000  120680 120738  (39183) + (AT)n        Simple_repeat       1     63    (0) 180  
   23   24.5  2.2  4.5  2L:21400080-21560000  120739 120764  (39157) + A-rich       Low_complexity      6     88    (0) 181  
   16    0.0  3.7  3.7  2L:21400080-21560000  120964 120990  (38931) + (TTTA)n      Simple_repeat       1     27    (0) 182  
   12    7.5  6.7  3.2  2L:21400080-21560000  121110 121139  (38782) + (TAT)n       Simple_repeat       1     31    (0) 183  
 9421    0.4  0.0  0.0  2L:21400080-21560000  121537 122559  (37362) + His1         Histone             1   1023    (0) 184  
 5540    0.2  0.0  0.0  2L:21400080-21560000  122696 123290  (36631) C His2B        Histone           (0)    595      1 185  
 4590    0.2  0.0  0.0  2L:21400080-21560000  123419 123911  (36010) + His2A        Histone             1    493    (0) 186  
 4522    0.0  4.8  0.0  2L:21400080-21560000  124320 124796  (35125) C His4         Histone           (0)    528     28 187  
   29    0.0  0.0  0.0  2L:21400080-21560000  124797 124821  (35100) + (TC)n        Simple_repeat       1     25    (0) 188  
 4522    0.0  4.8  0.0  2L:21400080-21560000  124822 124847  (35074) C His4         Histone         (501)     27      2 187  
 4913    0.0  0.0  0.0  2L:21400080-21560000  124873 125401  (34520) + His3         Histone             1    529    (0) 189  
   21   15.5  8.5  1.6  2L:21400080-21560000  125523 125581  (34340) + (AT)n        Simple_repeat       1     63    (0) 190  
   23   24.5  2.2  4.5  2L:21400080-21560000  125582 125607  (34314) + A-rich       Low_complexity      6     88    (0) 191  
   16    0.0  3.7  3.7  2L:21400080-21560000  125807 125833  (34088) + (TTTA)n      Simple_repeat       1     27    (0) 192  
   12    7.5  6.7  3.2  2L:21400080-21560000  125953 125982  (33939) + (TAT)n       Simple_repeat       1     31    (0) 193  
 9421    0.4  0.0  0.0  2L:21400080-21560000  126380 127402  (32519) + His1         Histone             1   1023    (0) 194  
 5540    0.2  0.0  0.0  2L:21400080-21560000  127539 128133  (31788) C His2B        Histone           (0)    595      1 195  
 4590    0.2  0.0  0.0  2L:21400080-21560000  128262 128754  (31167) + His2A        Histone             1    493    (0) 196  
 4522    0.0  4.8  0.0  2L:21400080-21560000  129163 129639  (30282) C His4         Histone           (0)    528     28 197  
   29    0.0  0.0  0.0  2L:21400080-21560000  129640 129664  (30257) + (TC)n        Simple_repeat       1     25    (0) 198  
 4522    0.0  4.8  0.0  2L:21400080-21560000  129665 129690  (30231) C His4         Histone         (501)     27      2 197  
 4913    0.0  0.0  0.0  2L:21400080-21560000  129716 130244  (29677) + His3         Histone             1    529    (0) 199  
   21   15.5  8.5  1.6  2L:21400080-21560000  130366 130424  (29497) + (AT)n        Simple_repeat       1     63    (0) 200  
   23   24.5  2.2  4.5  2L:21400080-21560000  130425 130450  (29471) + A-rich       Low_complexity      6     88    (0) 201  
   16    0.0  3.7  3.7  2L:21400080-21560000  130650 130676  (29245) + (TTTA)n      Simple_repeat       1     27    (0) 202  
   12    7.5  6.7  3.2  2L:21400080-21560000  130796 130825  (29096) + (TAT)n       Simple_repeat       1     31    (0) 203  
 9443    0.3  0.0  0.0  2L:21400080-21560000  131223 132245  (27676) + His1         Histone             1   1023    (0) 204  
 5554    0.0  0.0  0.0  2L:21400080-21560000  132382 132976  (26945) C His2B        Histone           (0)    595      1 205  
 4609    0.0  0.0  0.0  2L:21400080-21560000  133105 133597  (26324) + His2A        Histone             1    493    (0) 206  
 4825    0.2  0.4  0.0  2L:21400080-21560000  134006 134531  (25390) C His4         Histone           (0)    528      1 207  
 4913    0.0  0.0  0.0  2L:21400080-21560000  134557 135085  (24836) + His3         Histone             1    529    (0) 208  
   14    7.3  6.9  0.0  2L:21400080-21560000  135467 135495  (24426) + (ATAAA)n     Simple_repeat       1     31    (0) 209  
   16    0.0  3.7  3.7  2L:21400080-21560000  135695 135721  (24200) + (TTTA)n      Simple_repeat       1     27    (0) 210  
   12    7.5  6.7  3.2  2L:21400080-21560000  135841 135870  (24051) + (TAT)n       Simple_repeat       1     31    (0) 211  
 9463    0.2  0.0  0.0  2L:21400080-21560000  136267 137289  (22632) + His1         Histone             1   1023    (0) 212  
 5517    0.3  0.0  0.0  2L:21400080-21560000  137426 138020  (21901) C His2B        Histone           (0)    595      1 213  
 4609    0.0  0.0  0.0  2L:21400080-21560000  138149 138641  (21280) + His2A        Histone             1    493    (0) 214  
 3051    0.0  0.0  0.0  2L:21400080-21560000  139050 139380  (20541) C His4         Histone           (0)    528    198 215  
 6227    0.0  0.0  0.1  2L:21400080-21560000  139381 140068  (19853) C POGO         DNA/TcMar-Pogo    (0)   2121   1435 216  
 7271    0.0  0.0  0.1  2L:21400080-21560000  140071 140851  (19070) C POGO         DNA/TcMar-Pogo (1341)    780      1 217  
 1769    1.0  1.0  1.0  2L:21400080-21560000  140852 141048  (18873) C His4         Histone         (331)    197      1 215  
 4913    0.0  0.0  0.0  2L:21400080-21560000  141074 141602  (18319) + His3         Histone             1    529    (0) 218  
   14    7.3  6.9  0.0  2L:21400080-21560000  141984 142012  (17909) + (ATAAA)n     Simple_repeat       1     31    (0) 219  
   16    0.0  3.7  3.7  2L:21400080-21560000  142212 142238  (17683) + (TTTA)n      Simple_repeat       1     27    (0) 220  
   12    7.5  6.7  3.2  2L:21400080-21560000  142358 142387  (17534) + (TAT)n       Simple_repeat       1     31    (0) 221  
 7551    0.5  0.0  0.0  2L:21400080-21560000  142785 143609  (16312) + His1         Histone             1    825  (198) 222  
  424   14.9  9.8  4.2  2L:21400080-21560000  143607 143676  (16245) C BATUMI_I     LTR/Pao        (7189)    774    705 223 *
   38    5.6  8.1  0.0  2L:21400080-21560000  143677 143750  (16171) + (ATATGT)n    Simple_repeat       1     80    (0) 224  
 1773   10.7  7.3  3.2  2L:21400080-21560000  143751 144102  (15819) C BATUMI_I     LTR/Pao        (7331)    632    267 223 *
 2340    6.1 10.0  2.8  2L:21400080-21560000  144075 144445  (15476) C BATUMI_I     LTR/Pao        (7566)    397      1 223  
 2310    2.7  0.0  3.7  2L:21400080-21560000  144446 144751  (15170) C BATUMI_I     LTR/Pao         (679)   7284   6990 225  
  956   24.4 16.3  0.7  2L:21400080-21560000  144826 145200  (14721) + Gypsy4_I     LTR/Gypsy        4045   4477 (1811) 226  
  396   24.2 16.1  1.6  2L:21400080-21560000  145413 145679  (14242) + Gypsy4_I     LTR/Gypsy        4470   4925 (1496) 226  
 1585   17.5  2.4  2.4  2L:21400080-21560000  145721 146094  (13827) + Gypsy9_I     LTR/Gypsy        3274   3647 (1030) 227  
 2401    1.7  7.4  0.0  2L:21400080-21560000  146102 146400  (13521) C MAX_LTR      LTR/Pao           (0)    321      1 228  
12940    1.1  0.0  2.5  2L:21400080-21560000  146404 147938  (11983) C MAX_I        LTR/Pao           (0)   7914   6418 228 *
19847    4.7  4.6  3.9  2L:21400080-21560000  147937 151055   (8866) C MAX_I        LTR/Pao        (4354)   3560    547 228  
15315    1.1  0.3  0.1  2L:21400080-21560000  151108 152840   (7081) C S_DM         DNA/TcMar-Tc1     (0)   1736      1 229  
  807   11.4 22.3  0.3  2L:21400080-21560000  153030 153265   (6656) C MAX_I        LTR/Pao        (7347)    567    280 228  
 3413    2.3  1.8  0.0  2L:21400080-21560000  153266 153651   (6270) C Invader6_LTR LTR/Gypsy         (0)    393      1 230  
 3190    0.9  0.0  0.0  2L:21400080-21560000  153660 154005   (5916) + Invader4_LTR LTR/Gypsy           1    346    (0) 231  
11117    3.4  2.5  0.4  2L:21400080-21560000  154006 155331   (4590) + Invader4_I   LTR/Gypsy           1   1353 (1060) 231  
  390    0.0  0.0  0.0  2L:21400080-21560000  155323 155364   (4557) + Invader4_LTR LTR/Gypsy         305    346    (0) 232 *
 2417    2.1  0.3  6.5  2L:21400080-21560000  155365 155671   (4250) C MAX_I        LTR/Pao        (7625)    289      1 228  
 2478    1.0  7.0  0.0  2L:21400080-21560000  155672 155971   (3950) C MAX_LTR      LTR/Pao           (0)    321      1 228  
  821   29.0 11.4  1.5  2L:21400080-21560000  155976 156468   (3453) + Gypsy4_I     LTR/Gypsy        5259   5799  (489) 226  
  369   34.7  0.8  2.0  2L:21400080-21560000  156462 156708   (3213) + Gypsy9_I     LTR/Gypsy        4249   4492  (185) 233 *
   12   18.1  2.0  8.3  2L:21400080-21560000  157187 157237   (2684) + (AATA)n      Simple_repeat       1     48    (0) 234  
 3769    9.8  5.2  0.0  2L:21400080-21560000  157240 157799   (2122) C DNAREP1_DM   RC/Helitron       (1)    593      5 235  
 1084   25.9  7.9  1.6  2L:21400080-21560000  157812 158227   (1694) C G_DM         LINE/I-Jockey  (1987)   2359   1918 236  
   13   10.7  3.1  3.1  2L:21400080-21560000  159057 159088    (833) + (TTTTTG)n    Simple_repeat       1     32    (0) 237  
   13   23.1  2.0  4.2  2L:21400080-21560000  159612 159660    (261) + (ATT)n       Simple_repeat       1     48    (0) 238  
